2018-12-02 00:33:17,000 Instabot Started
2018-12-02 00:33:19,032 Login success as fapadvisor!
2018-12-02 00:34:00,072 Instabot Started
2018-12-02 00:34:01,804 Login success as fapadvisor!
2018-12-02 00:34:06,606 Bot stopped. Worked: 0:00:06.533673
2018-12-02 00:34:06,608 Total requests: 5
2018-12-02 00:34:07,443 Bot stopped. Worked: 0:00:50.443572
2018-12-02 00:34:07,444 Total requests: 5
2018-12-02 00:34:10,215 Instabot Started
2018-12-02 00:34:11,840 Login success as fapadvisor!
2018-12-02 00:34:14,308 Going to download 3 medias.
2018-12-02 00:38:06,955 Bot stopped. Worked: 0:04:49.955133
2018-12-02 00:38:06,956 Total requests: 10
2018-12-02 00:38:10,693 Instabot Started
2018-12-02 00:38:15,787 Login success as fapadvisor!
2018-12-02 00:38:30,064 Going to download 3 medias.
2018-12-02 00:39:37,628 Bot stopped. Worked: 0:06:20.628818
2018-12-02 00:39:37,638 Total requests: 15
2018-12-02 00:39:41,282 Instabot Started
2018-12-02 00:39:43,495 Login success as fapadvisor!
2018-12-02 00:39:46,099 Going to download 3 medias.
2018-12-02 00:40:28,756 Bot stopped. Worked: 0:07:11.756097
2018-12-02 00:40:28,759 Total requests: 20
2018-12-02 00:40:32,632 Instabot Started
2018-12-02 00:40:34,740 Login success as fapadvisor!
2018-12-02 00:40:37,567 Going to download 3 medias.
2018-12-02 00:41:43,941 Bot stopped. Worked: 0:08:26.941638
2018-12-02 00:41:43,945 Total requests: 25
2018-12-02 00:41:46,785 Instabot Started
2018-12-02 00:41:48,591 Login success as fapadvisor!
2018-12-02 00:41:51,637 Going to download 3 medias.
2018-12-02 00:42:11,092 Instabot Started
2018-12-02 00:42:13,024 Login success as fapadvisor!
2018-12-02 00:42:15,194 Going to download 10 medias.
2018-12-02 00:44:39,275 Bot stopped. Worked: 0:11:22.275382
2018-12-02 00:44:39,277 Total requests: 37
2018-12-02 00:44:39,872 Bot stopped. Worked: 0:11:22.872756
2018-12-02 00:44:39,874 Total requests: 30
2018-12-02 00:44:47,838 Instabot Started
2018-12-02 00:44:50,676 Login success as fapadvisor!
2018-12-02 00:44:52,408 Going to download 10 medias.
2018-12-02 00:45:57,606 Bot stopped. Worked: 0:12:40.606442
2018-12-02 00:45:57,608 Total requests: 42
2018-12-02 00:46:00,668 Instabot Started
2018-12-02 00:46:03,396 Login success as fapadvisor!
2018-12-02 00:46:05,897 Going to download 11 medias.
2018-12-02 00:47:06,626 Instabot Started
2018-12-02 00:47:10,421 Login success as fapadvisor!
2018-12-02 00:47:12,160 Going to download 11 medias.
2018-12-02 00:49:15,264 Bot stopped. Worked: 0:15:58.264179
2018-12-02 00:49:15,265 Total requests: 55
2018-12-02 00:49:15,904 Bot stopped. Worked: 0:15:58.904310
2018-12-02 00:49:15,905 Total requests: 55
2018-12-02 00:49:27,946 Instabot Started
2018-12-02 00:49:29,866 Login success as fapadvisor!
2018-12-02 00:49:32,028 Going to download 11 medias.
2018-12-02 00:50:39,805 Bot stopped. Worked: 0:17:22.805864
2018-12-02 00:50:39,809 Total requests: 63
2018-12-02 00:50:43,141 Instabot Started
2018-12-02 00:50:45,167 Login success as fapadvisor!
2018-12-02 00:52:53,231 Bot stopped. Worked: 0:19:36.231628
2018-12-02 00:52:53,236 Total requests: 65
2018-12-02 00:53:07,374 Instabot Started
2018-12-02 00:53:09,027 Login success as fapadvisor!
2018-12-02 00:53:11,554 Going to download 11 medias.
2018-12-02 00:55:15,328 Instabot Started
2018-12-02 00:55:16,869 Login success as fapadvisor!
2018-12-02 00:55:18,591 Going to download 11 medias.
2018-12-02 00:58:29,950 Instabot Started
2018-12-02 00:58:31,510 Login success as fapadvisor!
2018-12-02 00:58:50,120 Instabot Started
2018-12-02 00:58:51,581 Login success as fapadvisor!
2018-12-02 00:59:13,702 Instabot Started
2018-12-02 00:59:15,747 Login success as fapadvisor!
2018-12-02 00:59:16,078 Request return 404 error!
2018-12-02 00:59:17,206 Request return 404 error!
2018-12-02 00:59:17,208 This is a closed account.
2018-12-02 00:59:17,211 Nothing to downloads.
2018-12-02 00:59:24,728 Instabot Started
2018-12-02 00:59:26,160 Login success as fapadvisor!
2018-12-02 00:59:26,602 Request return 404 error!
2018-12-02 00:59:27,662 Request return 404 error!
2018-12-02 00:59:27,664 This is a closed account.
2018-12-02 00:59:27,665 Nothing to downloads.
2018-12-02 00:59:33,159 Instabot Started
2018-12-02 00:59:34,795 Login success as fapadvisor!
2018-12-02 00:59:35,203 Request return 404 error!
2018-12-02 00:59:36,351 Request return 404 error!
2018-12-02 00:59:36,353 This is a closed account.
2018-12-02 00:59:36,356 Nothing to downloads.
2018-12-02 00:59:44,360 Instabot Started
2018-12-02 00:59:45,650 Login success as fapadvisor!
2018-12-02 00:59:46,056 Request return 404 error!
2018-12-02 00:59:47,116 Request return 404 error!
2018-12-02 00:59:47,118 This is a closed account.
2018-12-02 00:59:47,120 Nothing to downloads.
2018-12-02 00:59:53,113 Instabot Started
2018-12-02 00:59:54,864 Login success as fapadvisor!
2018-12-02 00:59:55,273 Request return 404 error!
2018-12-02 00:59:56,419 Request return 404 error!
2018-12-02 00:59:56,422 This is a closed account.
2018-12-02 00:59:56,424 Nothing to downloads.
2018-12-02 01:02:55,457 Bot stopped. Worked: 0:29:38.457483
2018-12-02 01:02:55,461 Total requests: 67
2018-12-02 01:02:56,114 Bot stopped. Worked: 0:29:39.114052
2018-12-02 01:02:56,115 Total requests: 67
2018-12-02 01:02:56,547 Bot stopped. Worked: 0:29:39.547533
2018-12-02 01:02:56,549 Total requests: 67
2018-12-02 01:02:57,092 Bot stopped. Worked: 0:29:40.092666
2018-12-02 01:02:57,093 Total requests: 67
2018-12-02 01:02:57,546 Bot stopped. Worked: 0:29:40.546192
2018-12-02 01:02:57,547 Total requests: 67
2018-12-02 01:02:58,133 Bot stopped. Worked: 0:29:41.133291
2018-12-02 01:02:58,134 Total requests: 70
2018-12-02 01:02:58,778 Bot stopped. Worked: 0:29:41.778564
2018-12-02 01:02:58,779 Total requests: 65
2018-12-02 01:02:59,390 Bot stopped. Worked: 0:29:42.389965
2018-12-02 01:02:59,391 Total requests: 72
2018-12-02 01:02:59,908 Bot stopped. Worked: 0:29:42.907907
2018-12-02 01:02:59,908 Total requests: 71
2018-12-02 01:03:14,875 Instabot Started
2018-12-02 01:03:16,592 Login success as fapadvisor!
2018-12-02 01:03:18,257 Going to download 11 medias.
2018-12-01 23:16:55,266 Instabot Started
2018-12-01 23:16:56,593 Login success as fapadvisor!
2018-12-01 23:17:41,058 Request return 429 error!
2018-12-01 23:17:41,060 That means 'too many requests'. I'll go to sleep for 5 minutes.
2018-12-01 23:38:26,972 Instabot Started
2018-12-01 23:38:27,847 Login success as fapadvisor!
2018-12-01 23:39:09,613 Request return 429 error!
2018-12-01 23:39:09,614 That means 'too many requests'. I'll go to sleep for 5 minutes.
2018-12-01 23:41:18,550 Instabot Started
2018-12-01 23:41:19,727 Login success as fapadvisor!
2018-12-01 23:41:21,900 Request return 429 error!
2018-12-01 23:41:21,901 That means 'too many requests'. I'll go to sleep for 5 minutes.
2018-12-01 23:47:47,202 Request return 429 error!
2018-12-01 23:47:47,203 That means 'too many requests'. I'll go to sleep for 5 minutes.
2018-12-01 23:48:57,320 Instabot Started
2018-12-01 23:48:58,173 Login success as fapadvisor!
2018-12-01 23:49:04,874 Instabot Started
2018-12-01 23:49:05,682 Login success as fapadvisor!
2018-12-01 23:50:23,911 Request return 429 error!
2018-12-01 23:50:23,912 That means 'too many requests'. I'll go to sleep for 5 minutes.
2018-12-01 23:53:30,875 Instabot Started
2018-12-01 23:53:31,604 Login success as fapadvisor!
2018-12-01 23:53:53,202 Request return 429 error!
2018-12-01 23:53:53,202 That means 'too many requests'. I'll go to sleep for 5 minutes.
2018-12-01 23:59:02,826 Instabot Started
2018-12-01 23:59:03,728 Login success as fapadvisor!
2018-12-01 23:59:26,505 Request return 429 error!
2018-12-01 23:59:26,506 That means 'too many requests'. I'll go to sleep for 5 minutes.
2018-12-02 00:00:01,898 Instabot Started
2018-12-02 00:00:02,853 Login success as fapadvisor!
2018-12-02 00:01:12,298 Request return 429 error!
2018-12-02 00:01:12,299 That means 'too many requests'. I'll go to sleep for 5 minutes.
2018-12-02 00:02:58,800 Instabot Started
2018-12-02 00:02:59,831 Login success as fapadvisor!
2018-12-02 00:03:00,603 Request return 429 error!
2018-12-02 00:03:00,604 That means 'too many requests'. I'll go to sleep for 5 minutes.
2018-12-02 00:05:02,212 Instabot Started
2018-12-02 00:05:03,345 Login success as fapadvisor!
2018-12-02 00:05:27,214 Request return 429 error!
2018-12-02 00:05:27,214 That means 'too many requests'. I'll go to sleep for 5 minutes.
2018-12-02 00:07:33,737 Instabot Started
2018-12-02 00:07:34,755 Login success as fapadvisor!
2018-12-02 00:08:06,885 Instabot Started
2018-12-02 00:08:07,794 Login success as fapadvisor!
2018-12-02 00:08:08,642 Request return 429 error!
2018-12-02 00:08:08,643 That means 'too many requests'. I'll go to sleep for 5 minutes.
2018-12-02 00:11:46,638 Instabot Started
2018-12-02 00:11:47,634 Login success as fapadvisor!
2018-12-02 00:12:37,504 Request return 429 error!
2018-12-02 00:12:37,505 That means 'too many requests'. I'll go to sleep for 5 minutes.
2018-12-02 00:15:20,958 Instabot Started
2018-12-02 00:15:21,782 Login success as fapadvisor!
2018-12-02 00:15:23,271 Request return 429 error!
2018-12-02 00:15:23,272 That means 'too many requests'. I'll go to sleep for 5 minutes.
2018-12-02 00:19:02,860 Instabot Started
2018-12-02 00:19:03,817 Login success as fapadvisor!
2018-12-02 00:21:03,906 Request return 429 error!
2018-12-02 00:21:03,907 That means 'too many requests'. I'll go to sleep for 5 minutes.
2018-12-02 00:22:29,427 Instabot Started
2018-12-02 00:22:30,317 Login success as fapadvisor!
2018-12-02 00:28:00,138 Instabot Started
2018-12-02 00:28:01,109 Login success as fapadvisor!
2018-12-02 00:29:12,942 Request return 429 error!
2018-12-02 00:29:12,944 That means 'too many requests'. I'll go to sleep for 5 minutes.
2018-12-02 00:39:44,591 Instabot Started
2018-12-02 00:39:45,585 Login success as fapadvisor!
2018-12-02 00:40:30,754 Going to download 168 medias.
2018-12-02 00:41:03,462 Going to download 87 medias.
2018-12-02 00:41:29,113 Request return 400 error!
2018-12-02 00:41:29,114 Instagram error message: Not authorized to view user
2018-12-02 00:41:29,115 This is a closed account.
2018-12-02 00:41:29,116 Nothing to downloads.
2018-12-02 00:41:31,986 Going to download 51 medias.
2018-12-02 00:42:22,396 Going to download 379 medias.
2018-12-02 00:47:22,717 Instabot Started
2018-12-02 00:47:25,010 Login success as fapadvisor!
2018-12-02 00:47:44,118 Going to download 168 medias.
2018-12-02 00:48:45,785 Going to download 2115 medias.
2018-12-02 00:49:18,902 Going to download 51 medias.
2018-12-02 00:50:02,996 Request return 400 error!
2018-12-02 00:50:02,997 Instagram error message: Not authorized to view user
2018-12-02 00:50:02,999 This is a closed account.
2018-12-02 00:50:03,000 Nothing to downloads.
2018-12-02 00:50:06,358 Going to download 87 medias.
2018-12-02 00:51:24,813 Instabot Started
2018-12-02 00:51:25,518 Login success as fapadvisor!
2018-12-02 00:51:37,721 Going to download 51 medias.
2018-12-02 00:52:23,894 Going to download 379 medias.
2018-12-02 00:53:59,072 Going to download 279 medias.
2018-12-02 00:54:28,942 Going to download 33 medias.
2018-12-02 00:54:50,819 Going to download 87 medias.
2018-12-02 00:56:05,000 Instabot Started
2018-12-02 00:56:06,043 Login success as fapadvisor!
2018-12-02 00:56:17,167 Going to download 168 medias.
2018-12-02 00:56:49,094 Request return 400 error!
2018-12-02 00:56:49,095 Instagram error message: Not authorized to view user
2018-12-02 00:56:49,095 This is a closed account.
2018-12-02 00:56:49,096 Nothing to downloads.
2018-12-02 00:56:56,495 Going to download 379 medias.
2018-12-02 00:58:25,845 Going to download 87 medias.
2018-12-02 00:58:48,564 Going to download 33 medias.
2018-12-02 01:01:29,856 Instabot Started
2018-12-02 01:01:30,770 Login success as fapadvisor!
2018-12-02 01:01:43,156 Going to download 168 medias.
2018-12-02 01:02:14,750 Going to download 33 medias.
2018-12-02 01:02:34,866 Going to download 51 medias.
2018-12-02 01:03:17,048 Request return 400 error!
2018-12-02 01:03:17,049 Instagram error message: Not authorized to view user
2018-12-02 01:03:17,050 This is a closed account.
2018-12-02 01:03:17,051 Nothing to downloads.
2018-12-02 01:03:22,743 Going to download 279 medias.
2018-12-02 01:04:33,977 Instabot Started
2018-12-02 01:04:34,894 Login success as fapadvisor!
2018-12-02 01:04:52,187 Going to download 379 medias.
2018-12-02 01:06:19,027 Going to download 279 medias.
2018-12-02 01:06:47,226 Going to download 51 medias.
2018-12-02 01:07:30,993 Request return 400 error!
2018-12-02 01:07:30,994 Instagram error message: Not authorized to view user
2018-12-02 01:07:30,994 This is a closed account.
2018-12-02 01:07:30,995 Nothing to downloads.
2018-12-02 01:07:34,475 Going to download 168 medias.
