2018-12-01 23:22:45,543 Instabot Started
2018-12-02 02:38:57,566 Instabot Started
2018-12-02 02:39:20,324 Instabot Started
2018-12-02 02:40:38,080 Instabot Started
2018-12-02 02:40:38,874 Login success as fapadvisor!
2018-12-02 02:41:20,401 Going to download 6 medias.
2018-12-02 02:44:20,779 Bot stopped. Worked: 0:03:42.698442
2018-12-02 02:44:20,779 Total requests: 538
2018-12-02 02:44:26,108 Instabot Started
2018-12-02 02:44:27,013 Login success as fapadvisor!
2018-12-02 02:45:17,496 Bot stopped. Worked: 0:04:39.415129
2018-12-02 02:45:17,496 Total requests: 569
2018-12-02 02:45:22,540 Instabot Started
2018-12-02 02:45:23,411 Login success as fapadvisor!
2018-12-02 02:45:56,469 Request return 429 error!
2018-12-02 02:45:56,469 That means 'too many requests'. I'll go to sleep for 5 minutes.
2018-12-02 02:46:29,565 Request return 429 error!
2018-12-02 02:46:29,565 That means 'too many requests'. I'll go to sleep for 5 minutes.
2018-12-02 02:47:00,543 Bot stopped. Worked: 0:06:22.462642
2018-12-02 02:47:00,544 Total requests: 593
2018-12-02 02:47:35,513 Instabot Started
2018-12-02 02:47:36,600 Login success as fapadvisor!
2018-12-02 02:48:32,039 Bot stopped. Worked: 0:07:53.958376
2018-12-02 02:48:32,039 Total requests: 593
2018-12-02 02:48:37,163 Instabot Started
2018-12-02 02:48:38,044 Login success as fapadvisor!
2018-12-02 06:26:47,024 Bot stopped. Worked: 3:46:08.943314
2018-12-02 06:26:47,024 Total requests: 593
2018-12-02 06:26:51,788 Instabot Started
2018-12-02 06:26:52,821 Login success as fapadvisor!
2018-12-02 06:26:53,063 Bot stopped. Worked: 3:46:14.982743
2018-12-02 06:26:53,064 Total requests: 593
2018-12-02 06:27:35,662 Instabot Started
2018-12-02 06:27:36,476 Login success as fapadvisor!
2018-12-02 06:31:10,267 Bot stopped. Worked: 3:50:32.186648
2018-12-02 06:31:10,268 Total requests: 593
2018-12-02 06:31:13,863 Instabot Started
2018-12-02 06:31:14,807 Login success as fapadvisor!
2018-12-02 06:37:17,452 Bot stopped. Worked: 3:56:39.371415
2018-12-02 06:37:17,452 Total requests: 593
2018-12-02 06:37:20,829 Instabot Started
2018-12-02 06:37:21,674 Login success as fapadvisor!
2018-12-02 06:41:33,183 Bot stopped. Worked: 4:00:55.102309
2018-12-02 06:41:33,183 Total requests: 593
2018-12-02 06:41:40,081 Instabot Started
2018-12-02 06:41:40,854 Login success as fapadvisor!
2018-12-02 06:43:34,528 Bot stopped. Worked: 4:02:56.447571
2018-12-02 06:43:34,529 Total requests: 633
2018-12-02 06:43:38,298 Instabot Started
2018-12-02 06:43:39,002 Login success as fapadvisor!
2018-12-02 06:54:38,794 Bot stopped. Worked: 4:14:00.713996
2018-12-02 06:54:38,795 Total requests: 822
2018-12-02 07:01:35,465 Instabot Started
2018-12-02 07:01:36,451 Login success as fapadvisor!
2018-12-02 07:15:18,889 Bot stopped. Worked: 4:34:40.808405
2018-12-02 07:15:18,889 Total requests: 861
2018-12-02 07:15:34,638 Instabot Started
2018-12-02 07:15:35,585 Login success as fapadvisor!
2018-12-02 07:20:53,372 Bot stopped. Worked: 4:40:15.291983
2018-12-02 07:20:53,373 Total requests: 891
2018-12-02 07:20:57,411 Instabot Started
2018-12-02 07:20:58,534 Login success as fapadvisor!
2018-12-02 07:29:37,021 Bot stopped. Worked: 4:48:58.940123
2018-12-02 07:29:37,021 Total requests: 951
2018-12-02 07:29:41,056 Instabot Started
2018-12-02 07:29:41,995 Login success as fapadvisor!
2018-12-02 07:38:36,060 Bot stopped. Worked: 4:57:57.979636
2018-12-02 07:38:36,061 Total requests: 1011
2018-12-02 07:38:40,068 Instabot Started
2018-12-02 07:38:40,862 Login success as fapadvisor!
2018-12-02 07:41:02,865 Bot stopped. Worked: 5:00:24.784998
2018-12-02 07:41:02,866 Total requests: 1011
2018-12-02 07:41:06,383 Instabot Started
2018-12-02 07:41:07,353 Login success as fapadvisor!
2018-12-02 07:41:44,751 Bot stopped. Worked: 5:01:06.670256
2018-12-02 07:41:44,751 Total requests: 1011
2018-12-02 07:43:38,567 Instabot Started
2018-12-02 07:43:39,236 Login success as fapadvisor!
2018-12-02 07:44:41,421 Bot stopped. Worked: 5:04:03.340589
2018-12-02 07:44:41,422 Total requests: 1011
2018-12-02 07:44:45,294 Instabot Started
2018-12-02 07:44:46,194 Login success as fapadvisor!
2018-12-02 09:16:16,061 Bot stopped. Worked: 6:35:37.980635
2018-12-02 09:16:16,062 Total requests: 1589
2018-12-02 09:19:30,349 Instabot Started
2018-12-02 09:19:31,169 Login success as fapadvisor!
2018-12-02 09:20:51,902 Bot stopped. Worked: 6:40:13.821729
2018-12-02 09:20:51,903 Total requests: 1657
2018-12-02 09:20:55,944 Instabot Started
2018-12-02 09:20:56,900 Login success as fapadvisor!
2018-12-02 09:26:06,292 Instabot Started
2018-12-02 09:26:07,053 Login success as fapadvisor!
2018-12-02 09:28:37,103 Bot stopped. Worked: 6:47:59.022586
2018-12-02 09:28:37,104 Total requests: 1721
2018-12-02 09:28:40,573 Instabot Started
2018-12-02 09:28:41,531 Login success as fapadvisor!
2018-12-02 09:30:24,764 Bot stopped. Worked: 6:49:46.683407
2018-12-02 09:30:24,764 Total requests: 1721
2018-12-02 09:30:45,176 Instabot Started
2018-12-02 09:30:45,976 Login success as fapadvisor!
2018-12-02 09:33:11,443 Instabot Started
2018-12-02 09:33:12,314 Login success as fapadvisor!
